<?xml version="1.0" encoding="UTF-8"?>
<testng-results ignored="0" total="4" passed="4" failed="0" skipped="0">
  <reporter-output>
  </reporter-output>
  <suite started-at="2024-04-19T14:06:43 IST" name="Default suite" finished-at="2024-04-19T14:08:18 IST" duration-ms="94100">
    <groups>
      <group name="cucumber">
        <method signature="AbstractTestNGCucumberTests.runScenario(io.cucumber.testng.PickleWrapper,io.cucumber.testng.FeatureWrapper)[pri:0, instance:TestRunner.TestRun@c430e6c]" name="runScenario" class="io.cucumber.testng.AbstractTestNGCucumberTests"/>
      </group> <!-- cucumber -->
    </groups>
    <test started-at="2024-04-19T14:06:43 IST" name="Default test" finished-at="2024-04-19T14:08:18 IST" duration-ms="94100">
      <class name="TestRunner.TestRun">
        <test-method is-config="true" signature="setUpClass(org.testng.ITestContext)[pri:0, instance:TestRunner.TestRun@c430e6c]" started-at="2024-04-19T14:06:44 IST" name="setUpClass" finished-at="2024-04-19T14:06:45 IST" duration-ms="1311" status="PASS">
          <params>
            <param index="0">
              <value>
                <![CDATA[org.testng.TestRunner@3a9c92b5]]>
              </value>
            </param>
          </params>
          <reporter-output>
          </reporter-output>
        </test-method> <!-- setUpClass -->
        <test-method signature="runScenario(io.cucumber.testng.PickleWrapper,io.cucumber.testng.FeatureWrapper)[pri:0, instance:TestRunner.TestRun@c430e6c]" started-at="2024-04-19T14:06:45 IST" name="runScenario" description="Runs Cucumber Scenarios" data-provider="scenarios" finished-at="2024-04-19T14:06:56 IST" duration-ms="11585" status="PASS">
          <params>
            <param index="0">
              <value>
                <![CDATA["Check whether the application can be accessed"]]>
              </value>
            </param>
            <param index="1">
              <value>
                <![CDATA["Select ServiceType and Subcategory"]]>
              </value>
            </param>
          </params>
          <reporter-output>
          </reporter-output>
        </test-method> <!-- runScenario -->
        <test-method signature="runScenario(io.cucumber.testng.PickleWrapper,io.cucumber.testng.FeatureWrapper)[pri:0, instance:TestRunner.TestRun@c430e6c]" started-at="2024-04-19T14:06:56 IST" name="runScenario" description="Runs Cucumber Scenarios" data-provider="scenarios" finished-at="2024-04-19T14:07:17 IST" duration-ms="20778" status="PASS">
          <params>
            <param index="0">
              <value>
                <![CDATA["Display All service type and Subcategory"]]>
              </value>
            </param>
            <param index="1">
              <value>
                <![CDATA["Select ServiceType and Subcategory"]]>
              </value>
            </param>
          </params>
          <reporter-output>
          </reporter-output>
        </test-method> <!-- runScenario -->
        <test-method signature="runScenario(io.cucumber.testng.PickleWrapper,io.cucumber.testng.FeatureWrapper)[pri:0, instance:TestRunner.TestRun@c430e6c]" started-at="2024-04-19T14:07:17 IST" name="runScenario" description="Runs Cucumber Scenarios" data-provider="scenarios" finished-at="2024-04-19T14:07:30 IST" duration-ms="12297" status="PASS">
          <params>
            <param index="0">
              <value>
                <![CDATA["Capture the error message"]]>
              </value>
            </param>
            <param index="1">
              <value>
                <![CDATA["Registering the users"]]>
              </value>
            </param>
          </params>
          <reporter-output>
          </reporter-output>
        </test-method> <!-- runScenario -->
        <test-method signature="runScenario(io.cucumber.testng.PickleWrapper,io.cucumber.testng.FeatureWrapper)[pri:0, instance:TestRunner.TestRun@c430e6c]" started-at="2024-04-19T14:07:30 IST" name="runScenario" description="Runs Cucumber Scenarios" data-provider="scenarios" finished-at="2024-04-19T14:08:12 IST" duration-ms="42896" status="PASS">
          <params>
            <param index="0">
              <value>
                <![CDATA["Center names"]]>
              </value>
            </param>
            <param index="1">
              <value>
                <![CDATA["Capture the Center name"]]>
              </value>
            </param>
          </params>
          <reporter-output>
          </reporter-output>
        </test-method> <!-- runScenario -->
        <test-method is-config="true" signature="tearDownClass()[pri:0, instance:TestRunner.TestRun@c430e6c]" started-at="2024-04-19T14:08:12 IST" name="tearDownClass" finished-at="2024-04-19T14:08:18 IST" duration-ms="5154" status="PASS">
          <reporter-output>
          </reporter-output>
        </test-method> <!-- tearDownClass -->
      </class> <!-- TestRunner.TestRun -->
    </test> <!-- Default test -->
  </suite> <!-- Default suite -->
</testng-results>
